::1 - - [09/Dec/2024:13:19:09 +0000] "POST /users/signup HTTP/1.1" 201 78 "-" "PostmanRuntime/7.43.0"
::1 - - [09/Dec/2024:13:19:44 +0000] "POST /users/signin HTTP/1.1" 400 94 "-" "PostmanRuntime/7.43.0"
::1 - - [09/Dec/2024:13:20:06 +0000] "POST /users/signin HTTP/1.1" 200 188 "-" "PostmanRuntime/7.43.0"
::1 - - [09/Dec/2024:13:33:47 +0000] "POST /users/signin HTTP/1.1" 401 39 "http://localhost:3001/" "Mozilla/5.0 (Macintosh; Intel Mac OS X 10_15_7) AppleWebKit/537.36 (KHTML, like Gecko) Chrome/130.0.0.0 Safari/537.36"
::1 - - [09/Dec/2024:13:34:01 +0000] "POST /users/signup HTTP/1.1" 400 128 "http://localhost:3001/" "Mozilla/5.0 (Macintosh; Intel Mac OS X 10_15_7) AppleWebKit/537.36 (KHTML, like Gecko) Chrome/130.0.0.0 Safari/537.36"
::1 - - [09/Dec/2024:13:34:05 +0000] "POST /users/signup HTTP/1.1" 400 128 "http://localhost:3001/" "Mozilla/5.0 (Macintosh; Intel Mac OS X 10_15_7) AppleWebKit/537.36 (KHTML, like Gecko) Chrome/130.0.0.0 Safari/537.36"
::1 - - [09/Dec/2024:13:35:08 +0000] "POST /users/signup HTTP/1.1" 201 78 "http://localhost:3001/" "Mozilla/5.0 (Macintosh; Intel Mac OS X 10_15_7) AppleWebKit/537.36 (KHTML, like Gecko) Chrome/130.0.0.0 Safari/537.36"
::1 - - [09/Dec/2024:13:36:40 +0000] "POST /users/signup HTTP/1.1" 400 111 "http://localhost:3001/" "Mozilla/5.0 (Macintosh; Intel Mac OS X 10_15_7) AppleWebKit/537.36 (KHTML, like Gecko) Chrome/130.0.0.0 Safari/537.36"
::1 - - [09/Dec/2024:13:36:44 +0000] "POST /users/signup HTTP/1.1" 400 111 "http://localhost:3001/" "Mozilla/5.0 (Macintosh; Intel Mac OS X 10_15_7) AppleWebKit/537.36 (KHTML, like Gecko) Chrome/130.0.0.0 Safari/537.36"
::1 - - [09/Dec/2024:13:36:57 +0000] "POST /users/signup HTTP/1.1" 201 78 "http://localhost:3001/" "Mozilla/5.0 (Macintosh; Intel Mac OS X 10_15_7) AppleWebKit/537.36 (KHTML, like Gecko) Chrome/130.0.0.0 Safari/537.36"
::1 - - [09/Dec/2024:13:37:02 +0000] "POST /users/signin HTTP/1.1" 200 188 "http://localhost:3001/" "Mozilla/5.0 (Macintosh; Intel Mac OS X 10_15_7) AppleWebKit/537.36 (KHTML, like Gecko) Chrome/130.0.0.0 Safari/537.36"
::1 - - [09/Dec/2024:13:40:00 +0000] "POST /users/signin HTTP/1.1" 200 188 "http://localhost:3001/" "Mozilla/5.0 (Macintosh; Intel Mac OS X 10_15_7) AppleWebKit/537.36 (KHTML, like Gecko) Chrome/130.0.0.0 Safari/537.36"
::1 - - [09/Dec/2024:13:43:37 +0000] "GET /users/me HTTP/1.1" 401 36 "-" "PostmanRuntime/7.43.0"
::1 - - [09/Dec/2024:13:47:36 +0000] "GET /users HTTP/1.1" 404 144 "-" "PostmanRuntime/7.43.0"
::1 - - [09/Dec/2024:13:47:44 +0000] "GET /users/me HTTP/1.1" 401 36 "-" "PostmanRuntime/7.43.0"
::1 - - [09/Dec/2024:13:48:52 +0000] "GET /users/me HTTP/1.1" 401 36 "-" "PostmanRuntime/7.43.0"
::1 - - [09/Dec/2024:13:48:53 +0000] "GET /users/me HTTP/1.1" 401 36 "-" "PostmanRuntime/7.43.0"
::1 - - [09/Dec/2024:13:48:59 +0000] "GET /users/me HTTP/1.1" 401 36 "-" "PostmanRuntime/7.43.0"
::1 - - [09/Dec/2024:13:49:06 +0000] "GET /users/me HTTP/1.1" 401 36 "-" "PostmanRuntime/7.43.0"
::1 - - [09/Dec/2024:13:49:32 +0000] "GET /users/me HTTP/1.1" 401 36 "-" "PostmanRuntime/7.43.0"
::1 - - [09/Dec/2024:13:50:18 +0000] "GET /users/me HTTP/1.1" 500 35 "-" "PostmanRuntime/7.43.0"
::1 - - [09/Dec/2024:13:50:18 +0000] "GET /users/me HTTP/1.1" 500 35 "-" "PostmanRuntime/7.43.0"
::1 - - [09/Dec/2024:13:50:19 +0000] "GET /users/me HTTP/1.1" 500 35 "-" "PostmanRuntime/7.43.0"
::1 - - [09/Dec/2024:13:52:15 +0000] "GET /users/me HTTP/1.1" 500 35 "-" "PostmanRuntime/7.43.0"
::1 - - [09/Dec/2024:13:53:25 +0000] "GET /users/sigin HTTP/1.1" 404 150 "-" "PostmanRuntime/7.43.0"
::1 - - [09/Dec/2024:13:53:42 +0000] "GET /users/sigin HTTP/1.1" 404 150 "-" "PostmanRuntime/7.43.0"
::1 - - [09/Dec/2024:13:55:41 +0000] "POST /users/signup HTTP/1.1" 201 78 "-" "PostmanRuntime/7.43.0"
::1 - - [09/Dec/2024:13:56:00 +0000] "POST /users/signin HTTP/1.1" 200 188 "-" "PostmanRuntime/7.43.0"
::1 - - [09/Dec/2024:13:56:25 +0000] "GET /users/me HTTP/1.1" 500 35 "-" "PostmanRuntime/7.43.0"
::1 - - [09/Dec/2024:13:59:30 +0000] "POST /users/signup%7B%0A%20%20%22name%22:%20%22John%20Doe%22,%0A%20%20%22email%22:%20%22john.doe@example.com%22,%0A%20%20%22password%22:%20%22password123%22%0A%7D%0A HTTP/1.1" 404 299 "-" "PostmanRuntime/7.43.0"
::1 - - [09/Dec/2024:13:59:45 +0000] "POST /users/signup HTTP/1.1" 201 78 "-" "PostmanRuntime/7.43.0"
::1 - - [09/Dec/2024:13:59:56 +0000] "POST /users/signin HTTP/1.1" 200 188 "-" "PostmanRuntime/7.43.0"
::1 - - [09/Dec/2024:14:00:22 +0000] "GET /users/me HTTP/1.1" 401 36 "-" "PostmanRuntime/7.43.0"
::1 - - [09/Dec/2024:14:00:32 +0000] "GET /users/me HTTP/1.1" 401 36 "-" "PostmanRuntime/7.43.0"
::1 - - [09/Dec/2024:14:00:34 +0000] "GET /users/me HTTP/1.1" 401 36 "-" "PostmanRuntime/7.43.0"
::1 - - [09/Dec/2024:14:02:10 +0000] "GET /users/me HTTP/1.1" 401 36 "-" "PostmanRuntime/7.43.0"
::1 - - [09/Dec/2024:14:02:18 +0000] "GET /users/me HTTP/1.1" 401 36 "-" "PostmanRuntime/7.43.0"
::1 - - [09/Dec/2024:14:02:19 +0000] "GET /users/me HTTP/1.1" 401 36 "-" "PostmanRuntime/7.43.0"
::1 - - [09/Dec/2024:14:02:28 +0000] "GET /users/me HTTP/1.1" 401 36 "-" "PostmanRuntime/7.43.0"
::1 - - [09/Dec/2024:14:02:37 +0000] "GET /users/me HTTP/1.1" 401 36 "-" "PostmanRuntime/7.43.0"
::1 - - [09/Dec/2024:14:02:38 +0000] "GET /users/me HTTP/1.1" 401 36 "-" "PostmanRuntime/7.43.0"
::1 - - [09/Dec/2024:14:03:00 +0000] "GET /users/me HTTP/1.1" 500 35 "-" "PostmanRuntime/7.43.0"
::1 - - [09/Dec/2024:14:08:13 +0000] "GET /users/me HTTP/1.1" 200 83 "-" "PostmanRuntime/7.43.0"
::1 - - [09/Dec/2024:14:40:35 +0000] "GET /getArticles HTTP/1.1" 404 150 "-" "PostmanRuntime/7.43.0"
::1 - - [09/Dec/2024:14:42:00 +0000] "POST /saveArticle HTTP/1.1" 404 151 "-" "PostmanRuntime/7.43.0"
::1 - - [09/Dec/2024:14:44:49 +0000] "POST /saveArticle HTTP/1.1" 404 151 "-" "PostmanRuntime/7.43.0"
::1 - - [09/Dec/2024:14:44:50 +0000] "POST /saveArticle HTTP/1.1" 404 151 "-" "PostmanRuntime/7.43.0"
::1 - - [09/Dec/2024:14:55:00 +0000] "POST /article HTTP/1.1" 404 147 "-" "PostmanRuntime/7.43.0"
::1 - - [09/Dec/2024:14:55:01 +0000] "POST /article HTTP/1.1" 404 147 "-" "PostmanRuntime/7.43.0"
::1 - - [09/Dec/2024:14:55:02 +0000] "POST /article HTTP/1.1" 404 147 "-" "PostmanRuntime/7.43.0"
::1 - - [09/Dec/2024:14:55:03 +0000] "POST /article HTTP/1.1" 404 147 "-" "PostmanRuntime/7.43.0"
::1 - - [09/Dec/2024:15:29:28 +0000] "POST /article HTTP/1.1" 401 27 "-" "PostmanRuntime/7.43.0"
::1 - - [09/Dec/2024:15:36:05 +0000] "POST /article HTTP/1.1" 403 27 "-" "PostmanRuntime/7.43.0"
::1 - - [09/Dec/2024:15:36:06 +0000] "POST /article HTTP/1.1" 403 27 "-" "PostmanRuntime/7.43.0"
::1 - - [09/Dec/2024:15:36:06 +0000] "POST /article HTTP/1.1" 403 27 "-" "PostmanRuntime/7.43.0"
::1 - - [09/Dec/2024:15:36:06 +0000] "POST /article HTTP/1.1" 403 27 "-" "PostmanRuntime/7.43.0"
::1 - - [09/Dec/2024:15:36:08 +0000] "POST /article HTTP/1.1" 403 27 "-" "PostmanRuntime/7.43.0"
::1 - - [09/Dec/2024:15:36:33 +0000] "GET /users/signin HTTP/1.1" 404 151 "-" "PostmanRuntime/7.43.0"
::1 - - [09/Dec/2024:15:36:45 +0000] "GET /users/signin HTTP/1.1" 404 151 "-" "PostmanRuntime/7.43.0"
::1 - - [09/Dec/2024:15:36:45 +0000] "GET /users/signin HTTP/1.1" 404 151 "-" "PostmanRuntime/7.43.0"
::1 - - [09/Dec/2024:15:37:07 +0000] "POST /users/signin HTTP/1.1" 200 188 "-" "PostmanRuntime/7.43.0"
::1 - - [09/Dec/2024:15:38:07 +0000] "GET /article HTTP/1.1" 200 15 "-" "PostmanRuntime/7.43.0"
::1 - - [09/Dec/2024:15:38:16 +0000] "POST /article HTTP/1.1" 500 71 "-" "PostmanRuntime/7.43.0"
::1 - - [09/Dec/2024:15:41:16 +0000] "POST /article HTTP/1.1" 500 71 "-" "PostmanRuntime/7.43.0"
::1 - - [09/Dec/2024:15:42:42 +0000] "POST /article HTTP/1.1" 500 71 "-" "PostmanRuntime/7.43.0"
::1 - - [09/Dec/2024:15:49:31 +0000] "POST /article HTTP/1.1" 500 110 "-" "PostmanRuntime/7.43.0"
::1 - - [09/Dec/2024:15:51:32 +0000] "POST /article HTTP/1.1" 400 71 "-" "PostmanRuntime/7.43.0"
::1 - - [09/Dec/2024:15:52:11 +0000] "POST /article HTTP/1.1" 400 71 "-" "PostmanRuntime/7.43.0"
::1 - - [09/Dec/2024:15:52:39 +0000] "POST /users/signin HTTP/1.1" 200 188 "-" "PostmanRuntime/7.43.0"
::1 - - [09/Dec/2024:15:53:12 +0000] "POST /article HTTP/1.1" 400 71 "-" "PostmanRuntime/7.43.0"
::1 - - [09/Dec/2024:15:57:07 +0000] "POST /saveArticle HTTP/1.1" 404 151 "-" "PostmanRuntime/7.43.0"
::1 - - [09/Dec/2024:15:59:20 +0000] "POST /saveArticle HTTP/1.1" 404 151 "-" "PostmanRuntime/7.43.0"
::1 - - [09/Dec/2024:15:59:44 +0000] "GET /users/sigin HTTP/1.1" 404 150 "-" "PostmanRuntime/7.43.0"
::1 - - [09/Dec/2024:15:59:46 +0000] "GET /users/sigin HTTP/1.1" 404 150 "-" "PostmanRuntime/7.43.0"
::1 - - [09/Dec/2024:15:59:48 +0000] "GET /users/sigin HTTP/1.1" 404 150 "-" "PostmanRuntime/7.43.0"
::1 - - [09/Dec/2024:15:59:49 +0000] "GET /users/sigin HTTP/1.1" 404 150 "-" "PostmanRuntime/7.43.0"
::1 - - [09/Dec/2024:15:59:50 +0000] "GET /users/sigin HTTP/1.1" 404 150 "-" "PostmanRuntime/7.43.0"
::1 - - [09/Dec/2024:15:59:51 +0000] "GET /users/sigin HTTP/1.1" 404 150 "-" "PostmanRuntime/7.43.0"
::1 - - [09/Dec/2024:15:59:51 +0000] "GET /users/sigin HTTP/1.1" 404 150 "-" "PostmanRuntime/7.43.0"
::1 - - [09/Dec/2024:15:59:52 +0000] "GET /users/sigin HTTP/1.1" 404 150 "-" "PostmanRuntime/7.43.0"
::1 - - [09/Dec/2024:15:59:52 +0000] "GET /users/sigin HTTP/1.1" 404 150 "-" "PostmanRuntime/7.43.0"
::1 - - [09/Dec/2024:15:59:59 +0000] "GET /users/signin HTTP/1.1" 404 151 "-" "PostmanRuntime/7.43.0"
::1 - - [09/Dec/2024:16:00:02 +0000] "GET /users/signin HTTP/1.1" 404 151 "-" "PostmanRuntime/7.43.0"
::1 - - [09/Dec/2024:16:00:03 +0000] "GET /users/signin HTTP/1.1" 404 151 "-" "PostmanRuntime/7.43.0"
::1 - - [09/Dec/2024:16:00:03 +0000] "GET /users/signin HTTP/1.1" 404 151 "-" "PostmanRuntime/7.43.0"
::1 - - [09/Dec/2024:16:00:34 +0000] "GET /users/signin HTTP/1.1" 404 151 "-" "PostmanRuntime/7.43.0"
::1 - - [09/Dec/2024:16:00:35 +0000] "GET /users/signin HTTP/1.1" 404 151 "-" "PostmanRuntime/7.43.0"
::1 - - [09/Dec/2024:16:01:32 +0000] "POST /users/signin HTTP/1.1" 200 188 "-" "PostmanRuntime/7.43.0"
::1 - - [09/Dec/2024:16:02:17 +0000] "POST /saveArticle HTTP/1.1" 404 151 "-" "PostmanRuntime/7.43.0"
::1 - - [09/Dec/2024:16:02:48 +0000] "POST /saveArticle/ HTTP/1.1" 404 152 "-" "PostmanRuntime/7.43.0"
::1 - - [09/Dec/2024:16:02:49 +0000] "POST /saveArticle/ HTTP/1.1" 404 152 "-" "PostmanRuntime/7.43.0"
::1 - - [09/Dec/2024:16:03:50 +0000] "POST /article HTTP/1.1" 400 71 "-" "PostmanRuntime/7.43.0"
::1 - - [09/Dec/2024:16:04:15 +0000] "POST /article HTTP/1.1" 201 452 "-" "PostmanRuntime/7.43.0"
::1 - - [09/Dec/2024:16:05:04 +0000] "GET /article HTTP/1.1" 200 416 "-" "PostmanRuntime/7.43.0"
::1 - - [09/Dec/2024:16:05:13 +0000] "GET /article HTTP/1.1" 200 416 "-" "PostmanRuntime/7.43.0"
::1 - - [09/Dec/2024:16:06:09 +0000] "GET /article/:675714fefd56c597ee6133cf HTTP/1.1" 404 172 "-" "PostmanRuntime/7.43.0"
::1 - - [09/Dec/2024:16:06:17 +0000] "DELETE /article/:675714fefd56c597ee6133cf HTTP/1.1" 500 129 "-" "PostmanRuntime/7.43.0"
::1 - - [09/Dec/2024:16:06:37 +0000] "DELETE /article/675714fefd56c597ee6133cf HTTP/1.1" 500 70 "-" "PostmanRuntime/7.43.0"
::1 - - [09/Dec/2024:16:08:02 +0000] "DELETE /article/675714fefd56c597ee6133cf HTTP/1.1" 500 70 "-" "PostmanRuntime/7.43.0"
::1 - - [09/Dec/2024:16:10:47 +0000] "POST /article HTTP/1.1" 409 50 "-" "PostmanRuntime/7.43.0"
::1 - - [09/Dec/2024:16:11:05 +0000] "POST /article HTTP/1.1" 400 71 "-" "PostmanRuntime/7.43.0"
::1 - - [09/Dec/2024:16:18:21 +0000] "POST /article HTTP/1.1" 409 35 "-" "PostmanRuntime/7.43.0"
::1 - - [09/Dec/2024:16:19:44 +0000] "POST /article HTTP/1.1" 500 75 "-" "PostmanRuntime/7.43.0"
::1 - - [09/Dec/2024:16:23:54 +0000] "POST /users/sigin HTTP/1.1" 404 151 "-" "PostmanRuntime/7.43.0"
::1 - - [09/Dec/2024:16:24:01 +0000] "GET /users/sigin HTTP/1.1" 404 150 "-" "PostmanRuntime/7.43.0"
::1 - - [09/Dec/2024:16:24:10 +0000] "POST /users/signin HTTP/1.1" 200 188 "-" "PostmanRuntime/7.43.0"
::1 - - [09/Dec/2024:16:25:01 +0000] "POST /article HTTP/1.1" 401 34 "-" "PostmanRuntime/7.43.0"
::1 - - [09/Dec/2024:16:25:33 +0000] "POST /article HTTP/1.1" 400 75 "-" "PostmanRuntime/7.43.0"
::1 - - [09/Dec/2024:16:26:53 +0000] "POST /users/signin HTTP/1.1" 200 188 "-" "PostmanRuntime/7.43.0"
::1 - - [09/Dec/2024:16:27:25 +0000] "POST /article HTTP/1.1" 401 34 "-" "PostmanRuntime/7.43.0"
::1 - - [09/Dec/2024:16:27:56 +0000] "POST /article HTTP/1.1" 401 34 "-" "PostmanRuntime/7.43.0"
::1 - - [09/Dec/2024:16:27:57 +0000] "POST /article HTTP/1.1" 401 34 "-" "PostmanRuntime/7.43.0"
::1 - - [09/Dec/2024:16:27:58 +0000] "POST /article HTTP/1.1" 401 34 "-" "PostmanRuntime/7.43.0"
::1 - - [09/Dec/2024:16:27:59 +0000] "POST /article HTTP/1.1" 401 34 "-" "PostmanRuntime/7.43.0"
::1 - - [09/Dec/2024:16:27:59 +0000] "POST /article HTTP/1.1" 401 34 "-" "PostmanRuntime/7.43.0"
::1 - - [09/Dec/2024:16:28:18 +0000] "POST /article HTTP/1.1" 201 338 "-" "PostmanRuntime/7.43.0"
::1 - - [09/Dec/2024:16:28:53 +0000] "POST /article HTTP/1.1" 409 50 "-" "PostmanRuntime/7.43.0"
::1 - - [09/Dec/2024:16:29:25 +0000] "POST /article HTTP/1.1" 400 75 "-" "PostmanRuntime/7.43.0"
::1 - - [09/Dec/2024:16:29:37 +0000] "POST /article HTTP/1.1" 500 134 "-" "PostmanRuntime/7.43.0"
::1 - - [09/Dec/2024:16:31:02 +0000] "GET /articles HTTP/1.1" 404 147 "-" "PostmanRuntime/7.43.0"
::1 - - [09/Dec/2024:16:31:20 +0000] "GET /article HTTP/1.1" 200 704 "-" "PostmanRuntime/7.43.0"
::1 - - [09/Dec/2024:16:32:03 +0000] "DELETE /article/675714fefd56c597ee6133cf HTTP/1.1" 500 70 "-" "PostmanRuntime/7.43.0"
::1 - - [09/Dec/2024:16:33:15 +0000] "DELETE /article/:articleId:675714fefd56c597ee6133cf HTTP/1.1" 500 139 "-" "PostmanRuntime/7.43.0"
::1 - - [09/Dec/2024:16:34:56 +0000] "POST /article HTTP/1.1" 400 75 "-" "PostmanRuntime/7.43.0"
::1 - - [09/Dec/2024:16:37:34 +0000] "POST /article HTTP/1.1" 400 75 "-" "PostmanRuntime/7.43.0"
::1 - - [09/Dec/2024:16:38:09 +0000] "POST /article HTTP/1.1" 400 75 "-" "PostmanRuntime/7.43.0"
::1 - - [09/Dec/2024:16:39:52 +0000] "POST /article HTTP/1.1" 401 35 "-" "PostmanRuntime/7.43.0"
::1 - - [09/Dec/2024:16:40:16 +0000] "POST /users/signin HTTP/1.1" 200 188 "-" "PostmanRuntime/7.43.0"
::1 - - [09/Dec/2024:16:40:44 +0000] "POST /article HTTP/1.1" 401 35 "-" "PostmanRuntime/7.43.0"
::1 - - [09/Dec/2024:16:41:09 +0000] "POST /article HTTP/1.1" 401 35 "-" "PostmanRuntime/7.43.0"
::1 - - [09/Dec/2024:16:41:10 +0000] "POST /article HTTP/1.1" 401 35 "-" "PostmanRuntime/7.43.0"
::1 - - [09/Dec/2024:16:41:47 +0000] "POST /article HTTP/1.1" 401 35 "-" "PostmanRuntime/7.43.0"
::1 - - [09/Dec/2024:16:43:00 +0000] "POST /users/signin HTTP/1.1" 200 188 "-" "PostmanRuntime/7.43.0"
::1 - - [09/Dec/2024:16:43:34 +0000] "POST /article HTTP/1.1" 401 28 "-" "PostmanRuntime/7.43.0"
::1 - - [09/Dec/2024:16:46:58 +0000] "POST /article HTTP/1.1" 401 35 "-" "PostmanRuntime/7.43.0"
::1 - - [09/Dec/2024:16:48:23 +0000] "POST /article HTTP/1.1" 401 35 "-" "PostmanRuntime/7.43.0"
::1 - - [09/Dec/2024:16:48:23 +0000] "POST /article HTTP/1.1" 401 35 "-" "PostmanRuntime/7.43.0"
::1 - - [09/Dec/2024:17:10:17 +0000] "POST /users/sigin HTTP/1.1" 404 151 "-" "PostmanRuntime/7.43.0"
::1 - - [09/Dec/2024:17:10:28 +0000] "POST /users/signin HTTP/1.1" 200 188 "-" "PostmanRuntime/7.43.0"
::1 - - [09/Dec/2024:17:13:39 +0000] "POST /users/signin HTTP/1.1" 400 176 "-" "PostmanRuntime/7.43.0"
::1 - - [09/Dec/2024:17:14:03 +0000] "POST /article HTTP/1.1" 401 28 "-" "PostmanRuntime/7.43.0"
::1 - - [09/Dec/2024:17:14:56 +0000] "POST /article HTTP/1.1" 401 28 "-" "PostmanRuntime/7.43.0"
::1 - - [09/Dec/2024:17:16:03 +0000] "POST /article HTTP/1.1" 401 28 "-" "PostmanRuntime/7.43.0"
::1 - - [09/Dec/2024:17:16:04 +0000] "POST /article HTTP/1.1" 401 28 "-" "PostmanRuntime/7.43.0"
::1 - - [09/Dec/2024:17:16:05 +0000] "POST /article HTTP/1.1" 401 28 "-" "PostmanRuntime/7.43.0"
::1 - - [09/Dec/2024:17:16:05 +0000] "POST /article HTTP/1.1" 401 28 "-" "PostmanRuntime/7.43.0"
::1 - - [09/Dec/2024:17:16:06 +0000] "POST /article HTTP/1.1" 401 28 "-" "PostmanRuntime/7.43.0"
::1 - - [09/Dec/2024:17:16:12 +0000] "POST /article HTTP/1.1" 401 28 "-" "PostmanRuntime/7.43.0"
::1 - - [09/Dec/2024:17:16:30 +0000] "POST /article HTTP/1.1" 401 28 "-" "PostmanRuntime/7.43.0"
::1 - - [09/Dec/2024:17:16:31 +0000] "POST /article HTTP/1.1" 401 28 "-" "PostmanRuntime/7.43.0"
::1 - - [09/Dec/2024:17:16:32 +0000] "POST /article HTTP/1.1" 401 28 "-" "PostmanRuntime/7.43.0"
::1 - - [09/Dec/2024:17:23:54 +0000] "POST /article HTTP/1.1" 401 28 "-" "PostmanRuntime/7.43.0"
::1 - - [09/Dec/2024:17:27:02 +0000] "POST /users/signup HTTP/1.1" 201 78 "-" "PostmanRuntime/7.43.0"
::1 - - [09/Dec/2024:17:27:32 +0000] "POST /users/signin HTTP/1.1" 200 188 "-" "PostmanRuntime/7.43.0"
::1 - - [09/Dec/2024:17:28:17 +0000] "POST /article HTTP/1.1" 401 28 "-" "PostmanRuntime/7.43.0"
::1 - - [09/Dec/2024:17:28:20 +0000] "POST /article HTTP/1.1" 401 28 "-" "PostmanRuntime/7.43.0"
::1 - - [09/Dec/2024:17:28:35 +0000] "POST /article HTTP/1.1" 401 28 "-" "PostmanRuntime/7.43.0"
::1 - - [09/Dec/2024:17:29:09 +0000] "POST /article HTTP/1.1" 409 50 "-" "PostmanRuntime/7.43.0"
::1 - - [09/Dec/2024:17:29:26 +0000] "POST /article HTTP/1.1" 400 75 "-" "PostmanRuntime/7.43.0"
::1 - - [09/Dec/2024:17:29:53 +0000] "POST /article HTTP/1.1" 500 134 "-" "PostmanRuntime/7.43.0"
::1 - - [09/Dec/2024:17:30:05 +0000] "POST /article HTTP/1.1" 500 134 "-" "PostmanRuntime/7.43.0"
::1 - - [09/Dec/2024:17:31:55 +0000] "POST /article HTTP/1.1" 409 50 "-" "PostmanRuntime/7.43.0"
::1 - - [09/Dec/2024:17:33:21 +0000] "POST /article HTTP/1.1" 400 75 "-" "PostmanRuntime/7.43.0"
::1 - - [09/Dec/2024:17:34:18 +0000] "POST /article HTTP/1.1" 500 134 "-" "PostmanRuntime/7.43.0"
::1 - - [09/Dec/2024:17:34:38 +0000] "POST /article HTTP/1.1" 500 134 "-" "PostmanRuntime/7.43.0"
::1 - - [09/Dec/2024:17:35:31 +0000] "POST /article HTTP/1.1" 500 134 "-" "PostmanRuntime/7.43.0"
::1 - - [09/Dec/2024:17:35:32 +0000] "POST /article HTTP/1.1" 500 134 "-" "PostmanRuntime/7.43.0"
::1 - - [09/Dec/2024:17:36:40 +0000] "POST /article HTTP/1.1" 201 313 "-" "PostmanRuntime/7.43.0"
::1 - - [09/Dec/2024:17:36:54 +0000] "POST /article HTTP/1.1" 409 50 "-" "PostmanRuntime/7.43.0"
::1 - - [09/Dec/2024:17:37:04 +0000] "POST /article HTTP/1.1" 201 311 "-" "PostmanRuntime/7.43.0"
::1 - - [09/Dec/2024:17:37:25 +0000] "GET /article HTTP/1.1" 200 15 "-" "PostmanRuntime/7.43.0"
::1 - - [09/Dec/2024:17:38:37 +0000] "GET /article HTTP/1.1" 401 28 "-" "PostmanRuntime/7.43.0"
::1 - - [09/Dec/2024:17:39:13 +0000] "GET /article HTTP/1.1" 401 28 "-" "PostmanRuntime/7.43.0"
::1 - - [09/Dec/2024:17:41:33 +0000] "GET /article HTTP/1.1" 200 538 "-" "PostmanRuntime/7.43.0"
::1 - - [09/Dec/2024:17:42:22 +0000] "GET /article HTTP/1.1" 200 538 "-" "PostmanRuntime/7.43.0"
::1 - - [09/Dec/2024:17:43:01 +0000] "POST /article HTTP/1.1" 201 316 "-" "PostmanRuntime/7.43.0"
::1 - - [09/Dec/2024:17:43:10 +0000] "GET /article HTTP/1.1" 200 804 "-" "PostmanRuntime/7.43.0"
::1 - - [09/Dec/2024:17:45:22 +0000] "DELETE /article/67572aa840859e7fd605cc02 HTTP/1.1" 500 46 "-" "PostmanRuntime/7.43.0"
::1 - - [09/Dec/2024:17:47:18 +0000] "DELETE /article/67572aa840859e7fd605cc02 HTTP/1.1" 200 42 "-" "PostmanRuntime/7.43.0"
::1 - - [09/Dec/2024:17:51:05 +0000] "GET /users/me HTTP/1.1" 404 28 "-" "PostmanRuntime/7.43.0"
::1 - - [09/Dec/2024:17:51:09 +0000] "GET /user/me HTTP/1.1" 404 146 "-" "PostmanRuntime/7.43.0"
::1 - - [09/Dec/2024:17:51:15 +0000] "GET /users/me HTTP/1.1" 404 28 "-" "PostmanRuntime/7.43.0"
::1 - - [09/Dec/2024:17:51:45 +0000] "GET /users/me HTTP/1.1" 401 43 "-" "PostmanRuntime/7.43.0"
::1 - - [09/Dec/2024:17:52:11 +0000] "POST /users/signin HTTP/1.1" 200 188 "-" "PostmanRuntime/7.43.0"
::1 - - [09/Dec/2024:17:52:24 +0000] "GET /users/me HTTP/1.1" 404 28 "-" "PostmanRuntime/7.43.0"
::1 - - [09/Dec/2024:17:54:23 +0000] "GET /users/me HTTP/1.1" 404 28 "-" "PostmanRuntime/7.43.0"
::1 - - [09/Dec/2024:19:28:49 +0000] "POST /users/signup HTTP/1.1" 201 78 "-" "PostmanRuntime/7.43.0"
::1 - - [09/Dec/2024:19:29:09 +0000] "POST /users/signin HTTP/1.1" 200 188 "-" "PostmanRuntime/7.43.0"
::1 - - [09/Dec/2024:19:30:25 +0000] "POST /article HTTP/1.1" 201 312 "-" "PostmanRuntime/7.43.0"
::1 - - [09/Dec/2024:19:30:37 +0000] "POST /article HTTP/1.1" 201 315 "-" "PostmanRuntime/7.43.0"
::1 - - [09/Dec/2024:19:30:47 +0000] "GET /article HTTP/1.1" 200 541 "-" "PostmanRuntime/7.43.0"
::1 - - [09/Dec/2024:19:31:06 +0000] "DELETE /article/67574550cbb0679a84d5b76e HTTP/1.1" 200 42 "-" "PostmanRuntime/7.43.0"
::1 - - [09/Dec/2024:19:31:32 +0000] "GET /users/me HTTP/1.1" 404 28 "-" "PostmanRuntime/7.43.0"
::1 - - [09/Dec/2024:19:33:04 +0000] "GET /users/675744f1cbb0679a84d5b769 HTTP/1.1" 404 169 "-" "PostmanRuntime/7.43.0"
::1 - - [09/Dec/2024:19:33:14 +0000] "GET /users/me HTTP/1.1" 404 28 "-" "PostmanRuntime/7.43.0"
::1 - - [09/Dec/2024:19:34:18 +0000] "GET /users/me HTTP/1.1" 404 28 "-" "PostmanRuntime/7.43.0"
::1 - - [09/Dec/2024:19:34:20 +0000] "GET /users/me HTTP/1.1" 404 28 "-" "PostmanRuntime/7.43.0"
::1 - - [09/Dec/2024:19:34:44 +0000] "GET /users/me HTTP/1.1" 200 82 "-" "PostmanRuntime/7.43.0"
::1 - - [09/Dec/2024:20:23:02 +0000] "POST /users/signin HTTP/1.1" 401 39 "http://localhost:3000/" "Mozilla/5.0 (Macintosh; Intel Mac OS X 10_15_7) AppleWebKit/537.36 (KHTML, like Gecko) Chrome/130.0.0.0 Safari/537.36"
::1 - - [09/Dec/2024:20:23:04 +0000] "GET / HTTP/1.1" 500 1401 "-" "Mozilla/5.0 (Macintosh; Intel Mac OS X 10_15_7) AppleWebKit/537.36 (KHTML, like Gecko) Chrome/130.0.0.0 Safari/537.36"
::1 - - [09/Dec/2024:20:25:27 +0000] "POST /users/signin HTTP/1.1" 401 39 "http://localhost:3001/" "Mozilla/5.0 (Macintosh; Intel Mac OS X 10_15_7) AppleWebKit/537.36 (KHTML, like Gecko) Chrome/130.0.0.0 Safari/537.36"
::1 - - [09/Dec/2024:20:25:33 +0000] "POST /users/signup HTTP/1.1" 201 78 "http://localhost:3001/" "Mozilla/5.0 (Macintosh; Intel Mac OS X 10_15_7) AppleWebKit/537.36 (KHTML, like Gecko) Chrome/130.0.0.0 Safari/537.36"
::1 - - [09/Dec/2024:20:25:37 +0000] "POST /users/signin HTTP/1.1" 200 188 "http://localhost:3001/" "Mozilla/5.0 (Macintosh; Intel Mac OS X 10_15_7) AppleWebKit/537.36 (KHTML, like Gecko) Chrome/130.0.0.0 Safari/537.36"
